2024-03-27 00:00:20,520 - conftest.py:[35] - [INFO] - ground truth datasource = api
2024-03-27 00:00:20,521 - api.py:[51] - [INFO] - fetching token
2024-03-27 00:00:33,807 - conftest.py:[43] - [INFO] - initiating driver android token = f7ad2343e81405fb314e384d6c5df9b3342b99f1
2024-03-27 00:00:33,809 - test_reward_listing.py:[9] - [INFO] - executing : test_remaining_points_on_rewards_listing_screen
2024-03-27 01:00:38,261 - conftest.py:[35] - [INFO] - ground truth datasource = api
2024-03-27 01:00:38,262 - api.py:[51] - [INFO] - fetching token
2024-03-27 01:00:46,914 - conftest.py:[43] - [INFO] - initiating driver android token = 5e502036e7b370129cf916ad11a1eada12383f3b
2024-03-27 01:00:46,916 - test_reward_listing.py:[9] - [INFO] - executing : test_remaining_points_on_rewards_listing_screen
2024-03-27 01:00:48,946 - api.py:[83] - [INFO] - fetching dashboard data
2024-03-27 01:00:52,677 - test_reward_listing.py:[20] - [INFO] -  rewards listing screen: available points = You have 1,971,047 points extracted_remaining_points = 1 remaining_points = 1971047
2024-03-27 01:01:21,173 - conftest.py:[35] - [INFO] - ground truth datasource = api
2024-03-27 01:01:21,175 - api.py:[51] - [INFO] - fetching token
2024-03-27 01:01:26,954 - conftest.py:[43] - [INFO] - initiating driver android token = 3c40963fb82f38f48a987adfe2ab4458bbfbc660
2024-03-27 01:01:26,956 - test_reward_listing.py:[9] - [INFO] - executing : test_remaining_points_on_rewards_listing_screen
2024-03-27 01:01:51,245 - conftest.py:[35] - [INFO] - ground truth datasource = api
2024-03-27 01:01:51,246 - api.py:[51] - [INFO] - fetching token
2024-03-27 01:02:04,560 - conftest.py:[43] - [INFO] - initiating driver android token = 8a7b83d79592a786c694696f1a5812bf3a5deaf7
2024-03-27 01:02:04,563 - test_reward_listing.py:[9] - [INFO] - executing : test_remaining_points_on_rewards_listing_screen
2024-03-27 01:02:08,701 - api.py:[83] - [INFO] - fetching dashboard data
2024-03-27 01:02:14,752 - test_reward_listing.py:[20] - [INFO] -  rewards listing screen: available points = You have 1,971,047 points extracted_remaining_points = 1971047 remaining_points = 1971047
2024-03-27 01:02:14,753 - dataUtil.py:[17] - [INFO] - get formatted number is_decimal_support_in_transaction_enabled = False number = 1971047
2024-03-27 01:02:14,762 - test_reward_listing.py:[28] - [INFO] -  rewards listing screen: available points = You have 1,971,047 points extracted_remaining_points = 1971047 formatted_remaining_points = 1,971,047
2024-03-27 10:52:53,019 - conftest.py:[35] - [INFO] - ground truth datasource = api
2024-03-27 10:52:53,020 - api.py:[51] - [INFO] - fetching token
2024-03-27 10:52:59,489 - conftest.py:[43] - [INFO] - initiating driver android token = c94d5758feff4faf328df4df30ff978c0156d75b
2024-03-27 10:52:59,490 - test_reward_listing.py:[9] - [INFO] - executing : test_remaining_points_on_rewards_listing_screen
2024-03-27 10:53:06,364 - api.py:[83] - [INFO] - fetching dashboard data
2024-03-27 10:53:11,508 - test_reward_listing.py:[20] - [INFO] -  rewards listing screen: available points = You have 1,971,047 points extracted_remaining_points = 1971047 remaining_points = 1971047
2024-03-27 10:53:11,509 - dataUtil.py:[17] - [INFO] - get formatted number is_decimal_support_in_transaction_enabled = False number = 1971047
2024-03-27 10:53:11,514 - test_reward_listing.py:[28] - [INFO] -  rewards listing screen: available points = You have 1,971,047 points extracted_remaining_points = 1971047 formatted_remaining_points = 1,971,047
